[15-Nov-2020 17:29:49 UTC] PHP Notice:  register_rest_route was called <strong>incorrectly</strong>. The REST API route definition for <code>university/v1/search</code> is missing the required <code>permission_callback</code> argument. For REST API routes that are intended to be public, use <code>__return_true</code> as the permission callback. Please see <a href="https://wordpress.org/support/article/debugging-in-wordpress/">Debugging in WordPress</a> for more information. (This message was added in version 5.5.0.) in C:\MAMP\htdocs\fictional-university\wp-includes\functions.php on line 5229
[15-Nov-2020 17:29:49 UTC] PHP Notice:  ob_end_flush(): failed to send buffer of zlib output compression (1) in C:\MAMP\htdocs\fictional-university\wp-includes\functions.php on line 4673
[15-Nov-2020 17:29:49 UTC] PHP Notice:  ob_end_flush(): failed to send buffer of zlib output compression (1) in C:\MAMP\htdocs\fictional-university\wp-includes\functions.php on line 4673
[15-Nov-2020 17:31:32 UTC] PHP Notice:  register_rest_route was called <strong>incorrectly</strong>. The REST API route definition for <code>university/v1/search</code> is missing the required <code>permission_callback</code> argument. For REST API routes that are intended to be public, use <code>__return_true</code> as the permission callback. Please see <a href="https://wordpress.org/support/article/debugging-in-wordpress/">Debugging in WordPress</a> for more information. (This message was added in version 5.5.0.) in C:\MAMP\htdocs\fictional-university\wp-includes\functions.php on line 5229
[15-Nov-2020 17:31:32 UTC] PHP Notice:  ob_end_flush(): failed to send buffer of zlib output compression (1) in C:\MAMP\htdocs\fictional-university\wp-includes\functions.php on line 4673
[15-Nov-2020 17:31:32 UTC] PHP Notice:  ob_end_flush(): failed to send buffer of zlib output compression (1) in C:\MAMP\htdocs\fictional-university\wp-includes\functions.php on line 4673
[15-Nov-2020 17:31:43 UTC] PHP Notice:  register_rest_route was called <strong>incorrectly</strong>. The REST API route definition for <code>university/v1/search</code> is missing the required <code>permission_callback</code> argument. For REST API routes that are intended to be public, use <code>__return_true</code> as the permission callback. Please see <a href="https://wordpress.org/support/article/debugging-in-wordpress/">Debugging in WordPress</a> for more information. (This message was added in version 5.5.0.) in C:\MAMP\htdocs\fictional-university\wp-includes\functions.php on line 5229
[15-Nov-2020 17:31:43 UTC] PHP Notice:  ob_end_flush(): failed to send buffer of zlib output compression (1) in C:\MAMP\htdocs\fictional-university\wp-includes\functions.php on line 4673
[15-Nov-2020 17:31:43 UTC] PHP Notice:  ob_end_flush(): failed to send buffer of zlib output compression (1) in C:\MAMP\htdocs\fictional-university\wp-includes\functions.php on line 4673
[15-Nov-2020 17:31:46 UTC] PHP Notice:  register_rest_route was called <strong>incorrectly</strong>. The REST API route definition for <code>university/v1/search</code> is missing the required <code>permission_callback</code> argument. For REST API routes that are intended to be public, use <code>__return_true</code> as the permission callback. Please see <a href="https://wordpress.org/support/article/debugging-in-wordpress/">Debugging in WordPress</a> for more information. (This message was added in version 5.5.0.) in C:\MAMP\htdocs\fictional-university\wp-includes\functions.php on line 5229
[15-Nov-2020 17:31:46 UTC] PHP Notice:  ob_end_flush(): failed to send buffer of zlib output compression (1) in C:\MAMP\htdocs\fictional-university\wp-includes\functions.php on line 4673
[15-Nov-2020 17:31:46 UTC] PHP Notice:  ob_end_flush(): failed to send buffer of zlib output compression (1) in C:\MAMP\htdocs\fictional-university\wp-includes\functions.php on line 4673
[15-Nov-2020 17:33:32 UTC] PHP Notice:  register_rest_route was called <strong>incorrectly</strong>. The REST API route definition for <code>university/v1/search</code> is missing the required <code>permission_callback</code> argument. For REST API routes that are intended to be public, use <code>__return_true</code> as the permission callback. Please see <a href="https://wordpress.org/support/article/debugging-in-wordpress/">Debugging in WordPress</a> for more information. (This message was added in version 5.5.0.) in C:\MAMP\htdocs\fictional-university\wp-includes\functions.php on line 5229
[15-Nov-2020 17:33:32 UTC] PHP Notice:  ob_end_flush(): failed to send buffer of zlib output compression (1) in C:\MAMP\htdocs\fictional-university\wp-includes\functions.php on line 4673
[15-Nov-2020 17:33:32 UTC] PHP Notice:  ob_end_flush(): failed to send buffer of zlib output compression (1) in C:\MAMP\htdocs\fictional-university\wp-includes\functions.php on line 4673
[15-Nov-2020 17:35:14 UTC] PHP Notice:  ob_end_flush(): failed to send buffer of zlib output compression (1) in C:\MAMP\htdocs\fictional-university\wp-includes\functions.php on line 4673
[15-Nov-2020 17:35:14 UTC] PHP Notice:  ob_end_flush(): failed to send buffer of zlib output compression (1) in C:\MAMP\htdocs\fictional-university\wp-includes\functions.php on line 4673
[15-Nov-2020 17:35:51 UTC] PHP Notice:  ob_end_flush(): failed to send buffer of zlib output compression (1) in C:\MAMP\htdocs\fictional-university\wp-includes\functions.php on line 4673
[15-Nov-2020 17:35:51 UTC] PHP Notice:  ob_end_flush(): failed to send buffer of zlib output compression (1) in C:\MAMP\htdocs\fictional-university\wp-includes\functions.php on line 4673
[15-Nov-2020 17:44:24 UTC] PHP Notice:  ob_end_flush(): failed to send buffer of zlib output compression (1) in C:\MAMP\htdocs\fictional-university\wp-includes\functions.php on line 4673
[15-Nov-2020 17:44:24 UTC] PHP Notice:  ob_end_flush(): failed to send buffer of zlib output compression (1) in C:\MAMP\htdocs\fictional-university\wp-includes\functions.php on line 4673
[15-Nov-2020 17:45:59 UTC] PHP Notice:  ob_end_flush(): failed to send buffer of zlib output compression (1) in C:\MAMP\htdocs\fictional-university\wp-includes\functions.php on line 4673
[15-Nov-2020 17:45:59 UTC] PHP Notice:  ob_end_flush(): failed to send buffer of zlib output compression (1) in C:\MAMP\htdocs\fictional-university\wp-includes\functions.php on line 4673
[15-Nov-2020 17:46:04 UTC] PHP Notice:  ob_end_flush(): failed to send buffer of zlib output compression (1) in C:\MAMP\htdocs\fictional-university\wp-includes\functions.php on line 4673
[15-Nov-2020 17:46:04 UTC] PHP Notice:  ob_end_flush(): failed to send buffer of zlib output compression (1) in C:\MAMP\htdocs\fictional-university\wp-includes\functions.php on line 4673
[15-Nov-2020 17:46:13 UTC] PHP Notice:  ob_end_flush(): failed to send buffer of zlib output compression (1) in C:\MAMP\htdocs\fictional-university\wp-includes\functions.php on line 4673
[15-Nov-2020 17:46:13 UTC] PHP Notice:  ob_end_flush(): failed to send buffer of zlib output compression (1) in C:\MAMP\htdocs\fictional-university\wp-includes\functions.php on line 4673
[15-Nov-2020 17:46:31 UTC] PHP Notice:  ob_end_flush(): failed to send buffer of zlib output compression (1) in C:\MAMP\htdocs\fictional-university\wp-includes\functions.php on line 4673
[15-Nov-2020 17:46:31 UTC] PHP Notice:  ob_end_flush(): failed to send buffer of zlib output compression (1) in C:\MAMP\htdocs\fictional-university\wp-includes\functions.php on line 4673
[15-Nov-2020 17:46:34 UTC] PHP Notice:  ob_end_flush(): failed to send buffer of zlib output compression (1) in C:\MAMP\htdocs\fictional-university\wp-includes\functions.php on line 4673
[15-Nov-2020 17:46:34 UTC] PHP Notice:  ob_end_flush(): failed to send buffer of zlib output compression (1) in C:\MAMP\htdocs\fictional-university\wp-includes\functions.php on line 4673
[15-Nov-2020 17:46:37 UTC] PHP Notice:  ob_end_flush(): failed to send buffer of zlib output compression (1) in C:\MAMP\htdocs\fictional-university\wp-includes\functions.php on line 4673
[15-Nov-2020 17:46:37 UTC] PHP Notice:  ob_end_flush(): failed to send buffer of zlib output compression (1) in C:\MAMP\htdocs\fictional-university\wp-includes\functions.php on line 4673
[15-Nov-2020 17:46:47 UTC] PHP Notice:  ob_end_flush(): failed to send buffer of zlib output compression (1) in C:\MAMP\htdocs\fictional-university\wp-includes\functions.php on line 4673
[15-Nov-2020 17:46:47 UTC] PHP Notice:  ob_end_flush(): failed to send buffer of zlib output compression (1) in C:\MAMP\htdocs\fictional-university\wp-includes\functions.php on line 4673
[15-Nov-2020 17:48:26 UTC] PHP Notice:  ob_end_flush(): failed to send buffer of zlib output compression (1) in C:\MAMP\htdocs\fictional-university\wp-includes\functions.php on line 4673
[15-Nov-2020 17:48:26 UTC] PHP Notice:  ob_end_flush(): failed to send buffer of zlib output compression (1) in C:\MAMP\htdocs\fictional-university\wp-includes\functions.php on line 4673
[15-Nov-2020 17:48:29 UTC] PHP Notice:  ob_end_flush(): failed to send buffer of zlib output compression (1) in C:\MAMP\htdocs\fictional-university\wp-includes\functions.php on line 4673
[15-Nov-2020 17:48:29 UTC] PHP Notice:  ob_end_flush(): failed to send buffer of zlib output compression (1) in C:\MAMP\htdocs\fictional-university\wp-includes\functions.php on line 4673
[15-Nov-2020 17:48:31 UTC] PHP Notice:  ob_end_flush(): failed to send buffer of zlib output compression (1) in C:\MAMP\htdocs\fictional-university\wp-includes\functions.php on line 4673
[15-Nov-2020 17:48:31 UTC] PHP Notice:  ob_end_flush(): failed to send buffer of zlib output compression (1) in C:\MAMP\htdocs\fictional-university\wp-includes\functions.php on line 4673
[15-Nov-2020 17:49:00 UTC] PHP Notice:  ob_end_flush(): failed to send buffer of zlib output compression (1) in C:\MAMP\htdocs\fictional-university\wp-includes\functions.php on line 4673
[15-Nov-2020 17:49:00 UTC] PHP Notice:  ob_end_flush(): failed to send buffer of zlib output compression (1) in C:\MAMP\htdocs\fictional-university\wp-includes\functions.php on line 4673
[15-Nov-2020 17:49:14 UTC] PHP Notice:  ob_end_flush(): failed to send buffer of zlib output compression (1) in C:\MAMP\htdocs\fictional-university\wp-includes\functions.php on line 4673
[15-Nov-2020 17:49:14 UTC] PHP Notice:  ob_end_flush(): failed to send buffer of zlib output compression (1) in C:\MAMP\htdocs\fictional-university\wp-includes\functions.php on line 4673
[15-Nov-2020 17:49:51 UTC] PHP Notice:  ob_end_flush(): failed to send buffer of zlib output compression (1) in C:\MAMP\htdocs\fictional-university\wp-includes\functions.php on line 4673
[15-Nov-2020 17:49:51 UTC] PHP Notice:  ob_end_flush(): failed to send buffer of zlib output compression (1) in C:\MAMP\htdocs\fictional-university\wp-includes\functions.php on line 4673
[15-Nov-2020 17:50:13 UTC] PHP Notice:  ob_end_flush(): failed to send buffer of zlib output compression (1) in C:\MAMP\htdocs\fictional-university\wp-includes\functions.php on line 4673
[15-Nov-2020 17:50:13 UTC] PHP Notice:  ob_end_flush(): failed to send buffer of zlib output compression (1) in C:\MAMP\htdocs\fictional-university\wp-includes\functions.php on line 4673
[15-Nov-2020 17:50:17 UTC] PHP Notice:  ob_end_flush(): failed to send buffer of zlib output compression (1) in C:\MAMP\htdocs\fictional-university\wp-includes\functions.php on line 4673
[15-Nov-2020 17:50:17 UTC] PHP Notice:  ob_end_flush(): failed to send buffer of zlib output compression (1) in C:\MAMP\htdocs\fictional-university\wp-includes\functions.php on line 4673
[15-Nov-2020 17:50:19 UTC] PHP Notice:  ob_end_flush(): failed to send buffer of zlib output compression (1) in C:\MAMP\htdocs\fictional-university\wp-includes\functions.php on line 4673
[15-Nov-2020 17:50:19 UTC] PHP Notice:  ob_end_flush(): failed to send buffer of zlib output compression (1) in C:\MAMP\htdocs\fictional-university\wp-includes\functions.php on line 4673
[15-Nov-2020 17:50:34 UTC] PHP Notice:  ob_end_flush(): failed to send buffer of zlib output compression (1) in C:\MAMP\htdocs\fictional-university\wp-includes\functions.php on line 4673
[15-Nov-2020 17:50:34 UTC] PHP Notice:  ob_end_flush(): failed to send buffer of zlib output compression (1) in C:\MAMP\htdocs\fictional-university\wp-includes\functions.php on line 4673
[15-Nov-2020 17:51:38 UTC] PHP Notice:  ob_end_flush(): failed to send buffer of zlib output compression (1) in C:\MAMP\htdocs\fictional-university\wp-includes\functions.php on line 4673
[15-Nov-2020 17:51:38 UTC] PHP Notice:  ob_end_flush(): failed to send buffer of zlib output compression (1) in C:\MAMP\htdocs\fictional-university\wp-includes\functions.php on line 4673
[15-Nov-2020 17:51:40 UTC] PHP Notice:  ob_end_flush(): failed to send buffer of zlib output compression (1) in C:\MAMP\htdocs\fictional-university\wp-includes\functions.php on line 4673
[15-Nov-2020 17:51:40 UTC] PHP Notice:  ob_end_flush(): failed to send buffer of zlib output compression (1) in C:\MAMP\htdocs\fictional-university\wp-includes\functions.php on line 4673
[15-Nov-2020 17:51:44 UTC] PHP Notice:  ob_end_flush(): failed to send buffer of zlib output compression (1) in C:\MAMP\htdocs\fictional-university\wp-includes\functions.php on line 4673
[15-Nov-2020 17:51:44 UTC] PHP Notice:  ob_end_flush(): failed to send buffer of zlib output compression (1) in C:\MAMP\htdocs\fictional-university\wp-includes\functions.php on line 4673
[15-Nov-2020 17:52:03 UTC] PHP Notice:  ob_end_flush(): failed to send buffer of zlib output compression (1) in C:\MAMP\htdocs\fictional-university\wp-includes\functions.php on line 4673
[15-Nov-2020 17:52:03 UTC] PHP Notice:  ob_end_flush(): failed to send buffer of zlib output compression (1) in C:\MAMP\htdocs\fictional-university\wp-includes\functions.php on line 4673
[15-Nov-2020 17:52:47 UTC] PHP Notice:  ob_end_flush(): failed to send buffer of zlib output compression (1) in C:\MAMP\htdocs\fictional-university\wp-includes\functions.php on line 4673
[15-Nov-2020 17:52:47 UTC] PHP Notice:  ob_end_flush(): failed to send buffer of zlib output compression (1) in C:\MAMP\htdocs\fictional-university\wp-includes\functions.php on line 4673
[15-Nov-2020 17:52:50 UTC] PHP Notice:  ob_end_flush(): failed to send buffer of zlib output compression (1) in C:\MAMP\htdocs\fictional-university\wp-includes\functions.php on line 4673
[15-Nov-2020 17:52:50 UTC] PHP Notice:  ob_end_flush(): failed to send buffer of zlib output compression (1) in C:\MAMP\htdocs\fictional-university\wp-includes\functions.php on line 4673
[15-Nov-2020 17:52:58 UTC] PHP Notice:  ob_end_flush(): failed to send buffer of zlib output compression (1) in C:\MAMP\htdocs\fictional-university\wp-includes\functions.php on line 4673
[15-Nov-2020 17:52:58 UTC] PHP Notice:  ob_end_flush(): failed to send buffer of zlib output compression (1) in C:\MAMP\htdocs\fictional-university\wp-includes\functions.php on line 4673
[15-Nov-2020 17:53:19 UTC] PHP Notice:  ob_end_flush(): failed to send buffer of zlib output compression (1) in C:\MAMP\htdocs\fictional-university\wp-includes\functions.php on line 4673
[15-Nov-2020 17:53:19 UTC] PHP Notice:  ob_end_flush(): failed to send buffer of zlib output compression (1) in C:\MAMP\htdocs\fictional-university\wp-includes\functions.php on line 4673
[15-Nov-2020 17:54:01 UTC] PHP Notice:  ob_end_flush(): failed to send buffer of zlib output compression (1) in C:\MAMP\htdocs\fictional-university\wp-includes\functions.php on line 4673
[15-Nov-2020 17:54:01 UTC] PHP Notice:  ob_end_flush(): failed to send buffer of zlib output compression (1) in C:\MAMP\htdocs\fictional-university\wp-includes\functions.php on line 4673
[15-Nov-2020 17:54:33 UTC] PHP Notice:  ob_end_flush(): failed to send buffer of zlib output compression (1) in C:\MAMP\htdocs\fictional-university\wp-includes\functions.php on line 4673
[15-Nov-2020 17:54:33 UTC] PHP Notice:  ob_end_flush(): failed to send buffer of zlib output compression (1) in C:\MAMP\htdocs\fictional-university\wp-includes\functions.php on line 4673
[15-Nov-2020 17:54:35 UTC] PHP Notice:  ob_end_flush(): failed to send buffer of zlib output compression (1) in C:\MAMP\htdocs\fictional-university\wp-includes\functions.php on line 4673
[15-Nov-2020 17:54:35 UTC] PHP Notice:  ob_end_flush(): failed to send buffer of zlib output compression (1) in C:\MAMP\htdocs\fictional-university\wp-includes\functions.php on line 4673
[15-Nov-2020 17:54:44 UTC] PHP Notice:  ob_end_flush(): failed to send buffer of zlib output compression (1) in C:\MAMP\htdocs\fictional-university\wp-includes\functions.php on line 4673
[15-Nov-2020 17:54:44 UTC] PHP Notice:  ob_end_flush(): failed to send buffer of zlib output compression (1) in C:\MAMP\htdocs\fictional-university\wp-includes\functions.php on line 4673
[15-Nov-2020 17:55:07 UTC] PHP Notice:  ob_end_flush(): failed to send buffer of zlib output compression (1) in C:\MAMP\htdocs\fictional-university\wp-includes\functions.php on line 4673
[15-Nov-2020 17:55:07 UTC] PHP Notice:  ob_end_flush(): failed to send buffer of zlib output compression (1) in C:\MAMP\htdocs\fictional-university\wp-includes\functions.php on line 4673
[15-Nov-2020 17:55:29 UTC] PHP Notice:  ob_end_flush(): failed to send buffer of zlib output compression (1) in C:\MAMP\htdocs\fictional-university\wp-includes\functions.php on line 4673
[15-Nov-2020 17:55:29 UTC] PHP Notice:  ob_end_flush(): failed to send buffer of zlib output compression (1) in C:\MAMP\htdocs\fictional-university\wp-includes\functions.php on line 4673
[15-Nov-2020 17:56:17 UTC] PHP Notice:  ob_end_flush(): failed to send buffer of zlib output compression (1) in C:\MAMP\htdocs\fictional-university\wp-includes\functions.php on line 4673
[15-Nov-2020 17:56:17 UTC] PHP Notice:  ob_end_flush(): failed to send buffer of zlib output compression (1) in C:\MAMP\htdocs\fictional-university\wp-includes\functions.php on line 4673
[15-Nov-2020 17:56:19 UTC] PHP Notice:  Trying to access array offset on value of type bool in C:\MAMP\htdocs\fictional-university\wp-content\themes\fictional-university-theme\template-parts\page-banner.php on line 9
[15-Nov-2020 17:56:19 UTC] PHP Notice:  Trying to access array offset on value of type null in C:\MAMP\htdocs\fictional-university\wp-content\themes\fictional-university-theme\template-parts\page-banner.php on line 9
[15-Nov-2020 17:56:19 UTC] PHP Notice:  ob_end_flush(): failed to send buffer of zlib output compression (1) in C:\MAMP\htdocs\fictional-university\wp-includes\functions.php on line 4673
[15-Nov-2020 17:56:19 UTC] PHP Notice:  ob_end_flush(): failed to send buffer of zlib output compression (1) in C:\MAMP\htdocs\fictional-university\wp-includes\functions.php on line 4673
[15-Nov-2020 17:57:06 UTC] PHP Notice:  Trying to access array offset on value of type bool in C:\MAMP\htdocs\fictional-university\wp-content\themes\fictional-university-theme\template-parts\page-banner.php on line 9
[15-Nov-2020 17:57:06 UTC] PHP Notice:  Trying to access array offset on value of type null in C:\MAMP\htdocs\fictional-university\wp-content\themes\fictional-university-theme\template-parts\page-banner.php on line 9
[15-Nov-2020 17:57:06 UTC] PHP Notice:  ob_end_flush(): failed to send buffer of zlib output compression (1) in C:\MAMP\htdocs\fictional-university\wp-includes\functions.php on line 4673
[15-Nov-2020 17:57:06 UTC] PHP Notice:  ob_end_flush(): failed to send buffer of zlib output compression (1) in C:\MAMP\htdocs\fictional-university\wp-includes\functions.php on line 4673
[15-Nov-2020 17:57:49 UTC] PHP Notice:  ob_end_flush(): failed to send buffer of zlib output compression (1) in C:\MAMP\htdocs\fictional-university\wp-includes\functions.php on line 4673
[15-Nov-2020 17:57:49 UTC] PHP Notice:  ob_end_flush(): failed to send buffer of zlib output compression (1) in C:\MAMP\htdocs\fictional-university\wp-includes\functions.php on line 4673
[15-Nov-2020 17:57:53 UTC] PHP Notice:  Trying to access array offset on value of type bool in C:\MAMP\htdocs\fictional-university\wp-content\themes\fictional-university-theme\template-parts\page-banner.php on line 9
[15-Nov-2020 17:57:53 UTC] PHP Notice:  Trying to access array offset on value of type null in C:\MAMP\htdocs\fictional-university\wp-content\themes\fictional-university-theme\template-parts\page-banner.php on line 9
[15-Nov-2020 17:57:53 UTC] PHP Notice:  ob_end_flush(): failed to send buffer of zlib output compression (1) in C:\MAMP\htdocs\fictional-university\wp-includes\functions.php on line 4673
[15-Nov-2020 17:57:53 UTC] PHP Notice:  ob_end_flush(): failed to send buffer of zlib output compression (1) in C:\MAMP\htdocs\fictional-university\wp-includes\functions.php on line 4673
[15-Nov-2020 17:58:03 UTC] PHP Notice:  ob_end_flush(): failed to send buffer of zlib output compression (1) in C:\MAMP\htdocs\fictional-university\wp-includes\functions.php on line 4673
[15-Nov-2020 17:58:03 UTC] PHP Notice:  ob_end_flush(): failed to send buffer of zlib output compression (1) in C:\MAMP\htdocs\fictional-university\wp-includes\functions.php on line 4673
[15-Nov-2020 17:58:05 UTC] PHP Notice:  ob_end_flush(): failed to send buffer of zlib output compression (1) in C:\MAMP\htdocs\fictional-university\wp-includes\functions.php on line 4673
[15-Nov-2020 17:58:05 UTC] PHP Notice:  ob_end_flush(): failed to send buffer of zlib output compression (1) in C:\MAMP\htdocs\fictional-university\wp-includes\functions.php on line 4673
[15-Nov-2020 17:58:30 UTC] PHP Notice:  ob_end_flush(): failed to send buffer of zlib output compression (1) in C:\MAMP\htdocs\fictional-university\wp-includes\functions.php on line 4673
[15-Nov-2020 17:58:30 UTC] PHP Notice:  ob_end_flush(): failed to send buffer of zlib output compression (1) in C:\MAMP\htdocs\fictional-university\wp-includes\functions.php on line 4673
[15-Nov-2020 17:58:31 UTC] PHP Notice:  ob_end_flush(): failed to send buffer of zlib output compression (1) in C:\MAMP\htdocs\fictional-university\wp-includes\functions.php on line 4673
[15-Nov-2020 17:58:31 UTC] PHP Notice:  ob_end_flush(): failed to send buffer of zlib output compression (1) in C:\MAMP\htdocs\fictional-university\wp-includes\functions.php on line 4673
[15-Nov-2020 17:58:34 UTC] PHP Notice:  ob_end_flush(): failed to send buffer of zlib output compression (1) in C:\MAMP\htdocs\fictional-university\wp-includes\functions.php on line 4673
[15-Nov-2020 17:58:34 UTC] PHP Notice:  ob_end_flush(): failed to send buffer of zlib output compression (1) in C:\MAMP\htdocs\fictional-university\wp-includes\functions.php on line 4673
[15-Nov-2020 17:58:39 UTC] PHP Notice:  ob_end_flush(): failed to send buffer of zlib output compression (1) in C:\MAMP\htdocs\fictional-university\wp-includes\functions.php on line 4673
[15-Nov-2020 17:58:39 UTC] PHP Notice:  ob_end_flush(): failed to send buffer of zlib output compression (1) in C:\MAMP\htdocs\fictional-university\wp-includes\functions.php on line 4673
[15-Nov-2020 17:58:41 UTC] PHP Notice:  ob_end_flush(): failed to send buffer of zlib output compression (1) in C:\MAMP\htdocs\fictional-university\wp-includes\functions.php on line 4673
[15-Nov-2020 17:58:41 UTC] PHP Notice:  ob_end_flush(): failed to send buffer of zlib output compression (1) in C:\MAMP\htdocs\fictional-university\wp-includes\functions.php on line 4673
[15-Nov-2020 17:58:47 UTC] PHP Notice:  Trying to access array offset on value of type bool in C:\MAMP\htdocs\fictional-university\wp-content\themes\fictional-university-theme\template-parts\page-banner.php on line 9
[15-Nov-2020 17:58:47 UTC] PHP Notice:  Trying to access array offset on value of type null in C:\MAMP\htdocs\fictional-university\wp-content\themes\fictional-university-theme\template-parts\page-banner.php on line 9
[15-Nov-2020 17:58:47 UTC] PHP Notice:  ob_end_flush(): failed to send buffer of zlib output compression (1) in C:\MAMP\htdocs\fictional-university\wp-includes\functions.php on line 4673
[15-Nov-2020 17:58:47 UTC] PHP Notice:  ob_end_flush(): failed to send buffer of zlib output compression (1) in C:\MAMP\htdocs\fictional-university\wp-includes\functions.php on line 4673
[15-Nov-2020 17:58:49 UTC] PHP Notice:  Trying to access array offset on value of type bool in C:\MAMP\htdocs\fictional-university\wp-content\themes\fictional-university-theme\template-parts\page-banner.php on line 9
[15-Nov-2020 17:58:49 UTC] PHP Notice:  Trying to access array offset on value of type null in C:\MAMP\htdocs\fictional-university\wp-content\themes\fictional-university-theme\template-parts\page-banner.php on line 9
[15-Nov-2020 17:58:49 UTC] PHP Notice:  ob_end_flush(): failed to send buffer of zlib output compression (1) in C:\MAMP\htdocs\fictional-university\wp-includes\functions.php on line 4673
[15-Nov-2020 17:58:49 UTC] PHP Notice:  ob_end_flush(): failed to send buffer of zlib output compression (1) in C:\MAMP\htdocs\fictional-university\wp-includes\functions.php on line 4673
[15-Nov-2020 17:59:03 UTC] PHP Notice:  ob_end_flush(): failed to send buffer of zlib output compression (1) in C:\MAMP\htdocs\fictional-university\wp-includes\functions.php on line 4673
[15-Nov-2020 17:59:03 UTC] PHP Notice:  ob_end_flush(): failed to send buffer of zlib output compression (1) in C:\MAMP\htdocs\fictional-university\wp-includes\functions.php on line 4673
[15-Nov-2020 17:59:18 UTC] PHP Notice:  ob_end_flush(): failed to send buffer of zlib output compression (1) in C:\MAMP\htdocs\fictional-university\wp-includes\functions.php on line 4673
[15-Nov-2020 17:59:18 UTC] PHP Notice:  ob_end_flush(): failed to send buffer of zlib output compression (1) in C:\MAMP\htdocs\fictional-university\wp-includes\functions.php on line 4673
[15-Nov-2020 17:59:22 UTC] PHP Notice:  Trying to access array offset on value of type bool in C:\MAMP\htdocs\fictional-university\wp-content\themes\fictional-university-theme\template-parts\page-banner.php on line 9
[15-Nov-2020 17:59:22 UTC] PHP Notice:  Trying to access array offset on value of type null in C:\MAMP\htdocs\fictional-university\wp-content\themes\fictional-university-theme\template-parts\page-banner.php on line 9
[15-Nov-2020 17:59:22 UTC] PHP Notice:  ob_end_flush(): failed to send buffer of zlib output compression (1) in C:\MAMP\htdocs\fictional-university\wp-includes\functions.php on line 4673
[15-Nov-2020 17:59:22 UTC] PHP Notice:  ob_end_flush(): failed to send buffer of zlib output compression (1) in C:\MAMP\htdocs\fictional-university\wp-includes\functions.php on line 4673
[15-Nov-2020 17:59:37 UTC] PHP Notice:  ob_end_flush(): failed to send buffer of zlib output compression (1) in C:\MAMP\htdocs\fictional-university\wp-includes\functions.php on line 4673
[15-Nov-2020 17:59:37 UTC] PHP Notice:  ob_end_flush(): failed to send buffer of zlib output compression (1) in C:\MAMP\htdocs\fictional-university\wp-includes\functions.php on line 4673
[15-Nov-2020 17:59:43 UTC] PHP Notice:  ob_end_flush(): failed to send buffer of zlib output compression (1) in C:\MAMP\htdocs\fictional-university\wp-includes\functions.php on line 4673
[15-Nov-2020 17:59:43 UTC] PHP Notice:  ob_end_flush(): failed to send buffer of zlib output compression (1) in C:\MAMP\htdocs\fictional-university\wp-includes\functions.php on line 4673
[15-Nov-2020 17:59:55 UTC] PHP Notice:  Trying to access array offset on value of type bool in C:\MAMP\htdocs\fictional-university\wp-content\themes\fictional-university-theme\template-parts\page-banner.php on line 9
[15-Nov-2020 17:59:55 UTC] PHP Notice:  Trying to access array offset on value of type null in C:\MAMP\htdocs\fictional-university\wp-content\themes\fictional-university-theme\template-parts\page-banner.php on line 9
[15-Nov-2020 17:59:55 UTC] PHP Notice:  ob_end_flush(): failed to send buffer of zlib output compression (1) in C:\MAMP\htdocs\fictional-university\wp-includes\functions.php on line 4673
[15-Nov-2020 17:59:55 UTC] PHP Notice:  ob_end_flush(): failed to send buffer of zlib output compression (1) in C:\MAMP\htdocs\fictional-university\wp-includes\functions.php on line 4673
[15-Nov-2020 18:01:01 UTC] PHP Notice:  ob_end_flush(): failed to send buffer of zlib output compression (1) in C:\MAMP\htdocs\fictional-university\wp-includes\functions.php on line 4673
[15-Nov-2020 18:01:01 UTC] PHP Notice:  ob_end_flush(): failed to send buffer of zlib output compression (1) in C:\MAMP\htdocs\fictional-university\wp-includes\functions.php on line 4673
[15-Nov-2020 18:01:05 UTC] PHP Notice:  Trying to access array offset on value of type bool in C:\MAMP\htdocs\fictional-university\wp-content\themes\fictional-university-theme\template-parts\page-banner.php on line 9
[15-Nov-2020 18:01:05 UTC] PHP Notice:  Trying to access array offset on value of type null in C:\MAMP\htdocs\fictional-university\wp-content\themes\fictional-university-theme\template-parts\page-banner.php on line 9
[15-Nov-2020 18:01:05 UTC] PHP Notice:  ob_end_flush(): failed to send buffer of zlib output compression (1) in C:\MAMP\htdocs\fictional-university\wp-includes\functions.php on line 4673
[15-Nov-2020 18:01:05 UTC] PHP Notice:  ob_end_flush(): failed to send buffer of zlib output compression (1) in C:\MAMP\htdocs\fictional-university\wp-includes\functions.php on line 4673
[15-Nov-2020 18:01:24 UTC] PHP Notice:  ob_end_flush(): failed to send buffer of zlib output compression (1) in C:\MAMP\htdocs\fictional-university\wp-includes\functions.php on line 4673
[15-Nov-2020 18:01:24 UTC] PHP Notice:  ob_end_flush(): failed to send buffer of zlib output compression (1) in C:\MAMP\htdocs\fictional-university\wp-includes\functions.php on line 4673
[15-Nov-2020 18:02:19 UTC] PHP Notice:  Trying to access array offset on value of type bool in C:\MAMP\htdocs\fictional-university\wp-content\themes\fictional-university-theme\template-parts\page-banner.php on line 10
[15-Nov-2020 18:02:19 UTC] PHP Notice:  Trying to access array offset on value of type null in C:\MAMP\htdocs\fictional-university\wp-content\themes\fictional-university-theme\template-parts\page-banner.php on line 10
[15-Nov-2020 18:02:19 UTC] PHP Notice:  ob_end_flush(): failed to send buffer of zlib output compression (1) in C:\MAMP\htdocs\fictional-university\wp-includes\functions.php on line 4673
[15-Nov-2020 18:02:19 UTC] PHP Notice:  ob_end_flush(): failed to send buffer of zlib output compression (1) in C:\MAMP\htdocs\fictional-university\wp-includes\functions.php on line 4673
[15-Nov-2020 18:02:23 UTC] PHP Notice:  Trying to access array offset on value of type bool in C:\MAMP\htdocs\fictional-university\wp-content\themes\fictional-university-theme\template-parts\page-banner.php on line 10
[15-Nov-2020 18:02:23 UTC] PHP Notice:  Trying to access array offset on value of type null in C:\MAMP\htdocs\fictional-university\wp-content\themes\fictional-university-theme\template-parts\page-banner.php on line 10
[15-Nov-2020 18:02:23 UTC] PHP Notice:  ob_end_flush(): failed to send buffer of zlib output compression (1) in C:\MAMP\htdocs\fictional-university\wp-includes\functions.php on line 4673
[15-Nov-2020 18:02:23 UTC] PHP Notice:  ob_end_flush(): failed to send buffer of zlib output compression (1) in C:\MAMP\htdocs\fictional-university\wp-includes\functions.php on line 4673
[15-Nov-2020 18:02:56 UTC] PHP Notice:  ob_end_flush(): failed to send buffer of zlib output compression (1) in C:\MAMP\htdocs\fictional-university\wp-includes\functions.php on line 4673
[15-Nov-2020 18:02:56 UTC] PHP Notice:  ob_end_flush(): failed to send buffer of zlib output compression (1) in C:\MAMP\htdocs\fictional-university\wp-includes\functions.php on line 4673
[15-Nov-2020 18:03:01 UTC] PHP Notice:  ob_end_flush(): failed to send buffer of zlib output compression (1) in C:\MAMP\htdocs\fictional-university\wp-includes\functions.php on line 4673
[15-Nov-2020 18:03:01 UTC] PHP Notice:  ob_end_flush(): failed to send buffer of zlib output compression (1) in C:\MAMP\htdocs\fictional-university\wp-includes\functions.php on line 4673
[15-Nov-2020 18:04:19 UTC] PHP Notice:  Trying to access array offset on value of type bool in C:\MAMP\htdocs\fictional-university\wp-content\themes\fictional-university-theme\template-parts\page-banner.php on line 10
[15-Nov-2020 18:04:19 UTC] PHP Notice:  Trying to access array offset on value of type null in C:\MAMP\htdocs\fictional-university\wp-content\themes\fictional-university-theme\template-parts\page-banner.php on line 10
[15-Nov-2020 18:04:19 UTC] PHP Notice:  ob_end_flush(): failed to send buffer of zlib output compression (1) in C:\MAMP\htdocs\fictional-university\wp-includes\functions.php on line 4673
[15-Nov-2020 18:04:19 UTC] PHP Notice:  ob_end_flush(): failed to send buffer of zlib output compression (1) in C:\MAMP\htdocs\fictional-university\wp-includes\functions.php on line 4673
[15-Nov-2020 18:04:27 UTC] PHP Notice:  Trying to access array offset on value of type bool in C:\MAMP\htdocs\fictional-university\wp-content\themes\fictional-university-theme\template-parts\page-banner.php on line 10
[15-Nov-2020 18:04:27 UTC] PHP Notice:  Trying to access array offset on value of type null in C:\MAMP\htdocs\fictional-university\wp-content\themes\fictional-university-theme\template-parts\page-banner.php on line 10
[15-Nov-2020 18:04:27 UTC] PHP Notice:  ob_end_flush(): failed to send buffer of zlib output compression (1) in C:\MAMP\htdocs\fictional-university\wp-includes\functions.php on line 4673
[15-Nov-2020 18:04:27 UTC] PHP Notice:  ob_end_flush(): failed to send buffer of zlib output compression (1) in C:\MAMP\htdocs\fictional-university\wp-includes\functions.php on line 4673
[15-Nov-2020 18:04:31 UTC] PHP Notice:  Trying to access array offset on value of type bool in C:\MAMP\htdocs\fictional-university\wp-content\themes\fictional-university-theme\template-parts\page-banner.php on line 10
[15-Nov-2020 18:04:31 UTC] PHP Notice:  Trying to access array offset on value of type null in C:\MAMP\htdocs\fictional-university\wp-content\themes\fictional-university-theme\template-parts\page-banner.php on line 10
[15-Nov-2020 18:04:31 UTC] PHP Notice:  ob_end_flush(): failed to send buffer of zlib output compression (1) in C:\MAMP\htdocs\fictional-university\wp-includes\functions.php on line 4673
[15-Nov-2020 18:04:31 UTC] PHP Notice:  ob_end_flush(): failed to send buffer of zlib output compression (1) in C:\MAMP\htdocs\fictional-university\wp-includes\functions.php on line 4673
[15-Nov-2020 18:04:35 UTC] PHP Notice:  Trying to access array offset on value of type bool in C:\MAMP\htdocs\fictional-university\wp-content\themes\fictional-university-theme\template-parts\page-banner.php on line 10
[15-Nov-2020 18:04:35 UTC] PHP Notice:  Trying to access array offset on value of type null in C:\MAMP\htdocs\fictional-university\wp-content\themes\fictional-university-theme\template-parts\page-banner.php on line 10
[15-Nov-2020 18:04:35 UTC] PHP Notice:  ob_end_flush(): failed to send buffer of zlib output compression (1) in C:\MAMP\htdocs\fictional-university\wp-includes\functions.php on line 4673
[15-Nov-2020 18:04:35 UTC] PHP Notice:  ob_end_flush(): failed to send buffer of zlib output compression (1) in C:\MAMP\htdocs\fictional-university\wp-includes\functions.php on line 4673
[15-Nov-2020 18:04:38 UTC] PHP Notice:  Trying to access array offset on value of type bool in C:\MAMP\htdocs\fictional-university\wp-content\themes\fictional-university-theme\template-parts\page-banner.php on line 10
[15-Nov-2020 18:04:38 UTC] PHP Notice:  Trying to access array offset on value of type null in C:\MAMP\htdocs\fictional-university\wp-content\themes\fictional-university-theme\template-parts\page-banner.php on line 10
[15-Nov-2020 18:04:38 UTC] PHP Notice:  ob_end_flush(): failed to send buffer of zlib output compression (1) in C:\MAMP\htdocs\fictional-university\wp-includes\functions.php on line 4673
[15-Nov-2020 18:04:38 UTC] PHP Notice:  ob_end_flush(): failed to send buffer of zlib output compression (1) in C:\MAMP\htdocs\fictional-university\wp-includes\functions.php on line 4673
[15-Nov-2020 18:04:41 UTC] PHP Notice:  Trying to access array offset on value of type bool in C:\MAMP\htdocs\fictional-university\wp-content\themes\fictional-university-theme\template-parts\page-banner.php on line 10
[15-Nov-2020 18:04:41 UTC] PHP Notice:  Trying to access array offset on value of type null in C:\MAMP\htdocs\fictional-university\wp-content\themes\fictional-university-theme\template-parts\page-banner.php on line 10
[15-Nov-2020 18:04:41 UTC] PHP Notice:  ob_end_flush(): failed to send buffer of zlib output compression (1) in C:\MAMP\htdocs\fictional-university\wp-includes\functions.php on line 4673
[15-Nov-2020 18:04:41 UTC] PHP Notice:  ob_end_flush(): failed to send buffer of zlib output compression (1) in C:\MAMP\htdocs\fictional-university\wp-includes\functions.php on line 4673
[15-Nov-2020 18:05:51 UTC] PHP Notice:  Trying to access array offset on value of type bool in C:\MAMP\htdocs\fictional-university\wp-content\themes\fictional-university-theme\template-parts\page-banner.php on line 9
[15-Nov-2020 18:05:51 UTC] PHP Notice:  Trying to access array offset on value of type null in C:\MAMP\htdocs\fictional-university\wp-content\themes\fictional-university-theme\template-parts\page-banner.php on line 9
[15-Nov-2020 18:05:51 UTC] PHP Notice:  ob_end_flush(): failed to send buffer of zlib output compression (1) in C:\MAMP\htdocs\fictional-university\wp-includes\functions.php on line 4673
[15-Nov-2020 18:05:51 UTC] PHP Notice:  ob_end_flush(): failed to send buffer of zlib output compression (1) in C:\MAMP\htdocs\fictional-university\wp-includes\functions.php on line 4673
[15-Nov-2020 18:06:24 UTC] PHP Notice:  Trying to access array offset on value of type bool in C:\MAMP\htdocs\fictional-university\wp-content\themes\fictional-university-theme\template-parts\page-banner.php on line 10
[15-Nov-2020 18:06:24 UTC] PHP Notice:  Trying to access array offset on value of type null in C:\MAMP\htdocs\fictional-university\wp-content\themes\fictional-university-theme\template-parts\page-banner.php on line 10
[15-Nov-2020 18:06:24 UTC] PHP Notice:  ob_end_flush(): failed to send buffer of zlib output compression (1) in C:\MAMP\htdocs\fictional-university\wp-includes\functions.php on line 4673
[15-Nov-2020 18:06:24 UTC] PHP Notice:  ob_end_flush(): failed to send buffer of zlib output compression (1) in C:\MAMP\htdocs\fictional-university\wp-includes\functions.php on line 4673
[15-Nov-2020 18:07:47 UTC] PHP Notice:  Trying to access array offset on value of type bool in C:\MAMP\htdocs\fictional-university\wp-content\themes\fictional-university-theme\template-parts\page-banner.php on line 9
[15-Nov-2020 18:07:47 UTC] PHP Notice:  Trying to access array offset on value of type null in C:\MAMP\htdocs\fictional-university\wp-content\themes\fictional-university-theme\template-parts\page-banner.php on line 9
[15-Nov-2020 18:07:47 UTC] PHP Notice:  ob_end_flush(): failed to send buffer of zlib output compression (1) in C:\MAMP\htdocs\fictional-university\wp-includes\functions.php on line 4673
[15-Nov-2020 18:07:47 UTC] PHP Notice:  ob_end_flush(): failed to send buffer of zlib output compression (1) in C:\MAMP\htdocs\fictional-university\wp-includes\functions.php on line 4673
[15-Nov-2020 18:08:49 UTC] PHP Notice:  ob_end_flush(): failed to send buffer of zlib output compression (1) in C:\MAMP\htdocs\fictional-university\wp-includes\functions.php on line 4673
[15-Nov-2020 18:08:49 UTC] PHP Notice:  ob_end_flush(): failed to send buffer of zlib output compression (1) in C:\MAMP\htdocs\fictional-university\wp-includes\functions.php on line 4673
[15-Nov-2020 18:08:54 UTC] PHP Notice:  ob_end_flush(): failed to send buffer of zlib output compression (1) in C:\MAMP\htdocs\fictional-university\wp-includes\functions.php on line 4673
[15-Nov-2020 18:08:54 UTC] PHP Notice:  ob_end_flush(): failed to send buffer of zlib output compression (1) in C:\MAMP\htdocs\fictional-university\wp-includes\functions.php on line 4673
[15-Nov-2020 18:08:59 UTC] PHP Notice:  ob_end_flush(): failed to send buffer of zlib output compression (1) in C:\MAMP\htdocs\fictional-university\wp-includes\functions.php on line 4673
[15-Nov-2020 18:08:59 UTC] PHP Notice:  ob_end_flush(): failed to send buffer of zlib output compression (1) in C:\MAMP\htdocs\fictional-university\wp-includes\functions.php on line 4673
[15-Nov-2020 23:35:00 UTC] PHP Notice:  ob_end_flush(): failed to send buffer of zlib output compression (1) in C:\MAMP\htdocs\fictional-university\wp-includes\functions.php on line 4673
[15-Nov-2020 23:35:00 UTC] PHP Notice:  ob_end_flush(): failed to send buffer of zlib output compression (1) in C:\MAMP\htdocs\fictional-university\wp-includes\functions.php on line 4673
[15-Nov-2020 23:35:14 UTC] PHP Notice:  ob_end_flush(): failed to send buffer of zlib output compression (1) in C:\MAMP\htdocs\fictional-university\wp-includes\functions.php on line 4673
[15-Nov-2020 23:35:14 UTC] PHP Notice:  ob_end_flush(): failed to send buffer of zlib output compression (1) in C:\MAMP\htdocs\fictional-university\wp-includes\functions.php on line 4673
[15-Nov-2020 23:40:31 UTC] PHP Notice:  ob_end_flush(): failed to send buffer of zlib output compression (1) in C:\MAMP\htdocs\fictional-university\wp-includes\functions.php on line 4673
[15-Nov-2020 23:40:31 UTC] PHP Notice:  ob_end_flush(): failed to send buffer of zlib output compression (1) in C:\MAMP\htdocs\fictional-university\wp-includes\functions.php on line 4673
[16-Nov-2020 22:44:24 UTC] PHP Deprecated:  screen_icon is <strong>deprecated</strong> since version 3.8.0 with no alternative available. in C:\MAMP\htdocs\fictional-university\wp-includes\functions.php on line 4787
[16-Nov-2020 22:44:24 UTC] PHP Deprecated:  get_screen_icon is <strong>deprecated</strong> since version 3.8.0 with no alternative available. in C:\MAMP\htdocs\fictional-university\wp-includes\functions.php on line 4787
[16-Nov-2020 22:44:24 UTC] PHP Notice:  Undefined index: thumbnail in C:\MAMP\htdocs\fictional-university\wp-content\plugins\manual-image-crop\lib\ManualImageCropSettingsPage.php on line 172
[16-Nov-2020 22:44:24 UTC] PHP Notice:  Trying to access array offset on value of type null in C:\MAMP\htdocs\fictional-university\wp-content\plugins\manual-image-crop\lib\ManualImageCropSettingsPage.php on line 172
[16-Nov-2020 22:44:24 UTC] PHP Notice:  Undefined index: thumbnail in C:\MAMP\htdocs\fictional-university\wp-content\plugins\manual-image-crop\lib\ManualImageCropSettingsPage.php on line 177
[16-Nov-2020 22:44:24 UTC] PHP Notice:  Trying to access array offset on value of type null in C:\MAMP\htdocs\fictional-university\wp-content\plugins\manual-image-crop\lib\ManualImageCropSettingsPage.php on line 177
[16-Nov-2020 22:44:24 UTC] PHP Notice:  Undefined index: thumbnail in C:\MAMP\htdocs\fictional-university\wp-content\plugins\manual-image-crop\lib\ManualImageCropSettingsPage.php on line 178
[16-Nov-2020 22:44:24 UTC] PHP Notice:  Trying to access array offset on value of type null in C:\MAMP\htdocs\fictional-university\wp-content\plugins\manual-image-crop\lib\ManualImageCropSettingsPage.php on line 178
[16-Nov-2020 22:44:24 UTC] PHP Notice:  Undefined index: thumbnail in C:\MAMP\htdocs\fictional-university\wp-content\plugins\manual-image-crop\lib\ManualImageCropSettingsPage.php on line 179
[16-Nov-2020 22:44:24 UTC] PHP Notice:  Trying to access array offset on value of type null in C:\MAMP\htdocs\fictional-university\wp-content\plugins\manual-image-crop\lib\ManualImageCropSettingsPage.php on line 179
[16-Nov-2020 22:44:24 UTC] PHP Notice:  Undefined index: thumbnail in C:\MAMP\htdocs\fictional-university\wp-content\plugins\manual-image-crop\lib\ManualImageCropSettingsPage.php on line 180
[16-Nov-2020 22:44:24 UTC] PHP Notice:  Trying to access array offset on value of type null in C:\MAMP\htdocs\fictional-university\wp-content\plugins\manual-image-crop\lib\ManualImageCropSettingsPage.php on line 180
[16-Nov-2020 22:44:24 UTC] PHP Notice:  Undefined index: thumbnail in C:\MAMP\htdocs\fictional-university\wp-content\plugins\manual-image-crop\lib\ManualImageCropSettingsPage.php on line 181
[16-Nov-2020 22:44:24 UTC] PHP Notice:  Trying to access array offset on value of type null in C:\MAMP\htdocs\fictional-university\wp-content\plugins\manual-image-crop\lib\ManualImageCropSettingsPage.php on line 181
[16-Nov-2020 22:44:24 UTC] PHP Notice:  Undefined index: thumbnail in C:\MAMP\htdocs\fictional-university\wp-content\plugins\manual-image-crop\lib\ManualImageCropSettingsPage.php on line 183
[16-Nov-2020 22:44:24 UTC] PHP Notice:  Trying to access array offset on value of type null in C:\MAMP\htdocs\fictional-university\wp-content\plugins\manual-image-crop\lib\ManualImageCropSettingsPage.php on line 183
[16-Nov-2020 22:44:24 UTC] PHP Notice:  Undefined index: professorLandscape in C:\MAMP\htdocs\fictional-university\wp-content\plugins\manual-image-crop\lib\ManualImageCropSettingsPage.php on line 172
[16-Nov-2020 22:44:24 UTC] PHP Notice:  Trying to access array offset on value of type null in C:\MAMP\htdocs\fictional-university\wp-content\plugins\manual-image-crop\lib\ManualImageCropSettingsPage.php on line 172
[16-Nov-2020 22:44:24 UTC] PHP Notice:  Undefined index: professorLandscape in C:\MAMP\htdocs\fictional-university\wp-content\plugins\manual-image-crop\lib\ManualImageCropSettingsPage.php on line 177
[16-Nov-2020 22:44:24 UTC] PHP Notice:  Trying to access array offset on value of type null in C:\MAMP\htdocs\fictional-university\wp-content\plugins\manual-image-crop\lib\ManualImageCropSettingsPage.php on line 177
[16-Nov-2020 22:44:24 UTC] PHP Notice:  Undefined index: professorLandscape in C:\MAMP\htdocs\fictional-university\wp-content\plugins\manual-image-crop\lib\ManualImageCropSettingsPage.php on line 178
[16-Nov-2020 22:44:24 UTC] PHP Notice:  Trying to access array offset on value of type null in C:\MAMP\htdocs\fictional-university\wp-content\plugins\manual-image-crop\lib\ManualImageCropSettingsPage.php on line 178
[16-Nov-2020 22:44:24 UTC] PHP Notice:  Undefined index: professorLandscape in C:\MAMP\htdocs\fictional-university\wp-content\plugins\manual-image-crop\lib\ManualImageCropSettingsPage.php on line 179
[16-Nov-2020 22:44:24 UTC] PHP Notice:  Trying to access array offset on value of type null in C:\MAMP\htdocs\fictional-university\wp-content\plugins\manual-image-crop\lib\ManualImageCropSettingsPage.php on line 179
[16-Nov-2020 22:44:24 UTC] PHP Notice:  Undefined index: professorLandscape in C:\MAMP\htdocs\fictional-university\wp-content\plugins\manual-image-crop\lib\ManualImageCropSettingsPage.php on line 180
[16-Nov-2020 22:44:24 UTC] PHP Notice:  Trying to access array offset on value of type null in C:\MAMP\htdocs\fictional-university\wp-content\plugins\manual-image-crop\lib\ManualImageCropSettingsPage.php on line 180
[16-Nov-2020 22:44:24 UTC] PHP Notice:  Undefined index: professorLandscape in C:\MAMP\htdocs\fictional-university\wp-content\plugins\manual-image-crop\lib\ManualImageCropSettingsPage.php on line 181
[16-Nov-2020 22:44:24 UTC] PHP Notice:  Trying to access array offset on value of type null in C:\MAMP\htdocs\fictional-university\wp-content\plugins\manual-image-crop\lib\ManualImageCropSettingsPage.php on line 181
[16-Nov-2020 22:44:24 UTC] PHP Notice:  Undefined index: professorLandscape in C:\MAMP\htdocs\fictional-university\wp-content\plugins\manual-image-crop\lib\ManualImageCropSettingsPage.php on line 183
[16-Nov-2020 22:44:24 UTC] PHP Notice:  Trying to access array offset on value of type null in C:\MAMP\htdocs\fictional-university\wp-content\plugins\manual-image-crop\lib\ManualImageCropSettingsPage.php on line 183
[16-Nov-2020 22:44:24 UTC] PHP Notice:  Undefined index: professorPortrait in C:\MAMP\htdocs\fictional-university\wp-content\plugins\manual-image-crop\lib\ManualImageCropSettingsPage.php on line 172
[16-Nov-2020 22:44:24 UTC] PHP Notice:  Trying to access array offset on value of type null in C:\MAMP\htdocs\fictional-university\wp-content\plugins\manual-image-crop\lib\ManualImageCropSettingsPage.php on line 172
[16-Nov-2020 22:44:24 UTC] PHP Notice:  Undefined index: professorPortrait in C:\MAMP\htdocs\fictional-university\wp-content\plugins\manual-image-crop\lib\ManualImageCropSettingsPage.php on line 177
[16-Nov-2020 22:44:24 UTC] PHP Notice:  Trying to access array offset on value of type null in C:\MAMP\htdocs\fictional-university\wp-content\plugins\manual-image-crop\lib\ManualImageCropSettingsPage.php on line 177
[16-Nov-2020 22:44:24 UTC] PHP Notice:  Undefined index: professorPortrait in C:\MAMP\htdocs\fictional-university\wp-content\plugins\manual-image-crop\lib\ManualImageCropSettingsPage.php on line 178
[16-Nov-2020 22:44:24 UTC] PHP Notice:  Trying to access array offset on value of type null in C:\MAMP\htdocs\fictional-university\wp-content\plugins\manual-image-crop\lib\ManualImageCropSettingsPage.php on line 178
[16-Nov-2020 22:44:24 UTC] PHP Notice:  Undefined index: professorPortrait in C:\MAMP\htdocs\fictional-university\wp-content\plugins\manual-image-crop\lib\ManualImageCropSettingsPage.php on line 179
[16-Nov-2020 22:44:24 UTC] PHP Notice:  Trying to access array offset on value of type null in C:\MAMP\htdocs\fictional-university\wp-content\plugins\manual-image-crop\lib\ManualImageCropSettingsPage.php on line 179
[16-Nov-2020 22:44:24 UTC] PHP Notice:  Undefined index: professorPortrait in C:\MAMP\htdocs\fictional-university\wp-content\plugins\manual-image-crop\lib\ManualImageCropSettingsPage.php on line 180
[16-Nov-2020 22:44:24 UTC] PHP Notice:  Trying to access array offset on value of type null in C:\MAMP\htdocs\fictional-university\wp-content\plugins\manual-image-crop\lib\ManualImageCropSettingsPage.php on line 180
[16-Nov-2020 22:44:24 UTC] PHP Notice:  Undefined index: professorPortrait in C:\MAMP\htdocs\fictional-university\wp-content\plugins\manual-image-crop\lib\ManualImageCropSettingsPage.php on line 181
[16-Nov-2020 22:44:24 UTC] PHP Notice:  Trying to access array offset on value of type null in C:\MAMP\htdocs\fictional-university\wp-content\plugins\manual-image-crop\lib\ManualImageCropSettingsPage.php on line 181
[16-Nov-2020 22:44:24 UTC] PHP Notice:  Undefined index: professorPortrait in C:\MAMP\htdocs\fictional-university\wp-content\plugins\manual-image-crop\lib\ManualImageCropSettingsPage.php on line 183
[16-Nov-2020 22:44:24 UTC] PHP Notice:  Trying to access array offset on value of type null in C:\MAMP\htdocs\fictional-university\wp-content\plugins\manual-image-crop\lib\ManualImageCropSettingsPage.php on line 183
[16-Nov-2020 22:44:24 UTC] PHP Notice:  Undefined index: pageBanner in C:\MAMP\htdocs\fictional-university\wp-content\plugins\manual-image-crop\lib\ManualImageCropSettingsPage.php on line 172
[16-Nov-2020 22:44:24 UTC] PHP Notice:  Trying to access array offset on value of type null in C:\MAMP\htdocs\fictional-university\wp-content\plugins\manual-image-crop\lib\ManualImageCropSettingsPage.php on line 172
[16-Nov-2020 22:44:24 UTC] PHP Notice:  Undefined index: pageBanner in C:\MAMP\htdocs\fictional-university\wp-content\plugins\manual-image-crop\lib\ManualImageCropSettingsPage.php on line 177
[16-Nov-2020 22:44:24 UTC] PHP Notice:  Trying to access array offset on value of type null in C:\MAMP\htdocs\fictional-university\wp-content\plugins\manual-image-crop\lib\ManualImageCropSettingsPage.php on line 177
[16-Nov-2020 22:44:24 UTC] PHP Notice:  Undefined index: pageBanner in C:\MAMP\htdocs\fictional-university\wp-content\plugins\manual-image-crop\lib\ManualImageCropSettingsPage.php on line 178
[16-Nov-2020 22:44:24 UTC] PHP Notice:  Trying to access array offset on value of type null in C:\MAMP\htdocs\fictional-university\wp-content\plugins\manual-image-crop\lib\ManualImageCropSettingsPage.php on line 178
[16-Nov-2020 22:44:24 UTC] PHP Notice:  Undefined index: pageBanner in C:\MAMP\htdocs\fictional-university\wp-content\plugins\manual-image-crop\lib\ManualImageCropSettingsPage.php on line 179
[16-Nov-2020 22:44:24 UTC] PHP Notice:  Trying to access array offset on value of type null in C:\MAMP\htdocs\fictional-university\wp-content\plugins\manual-image-crop\lib\ManualImageCropSettingsPage.php on line 179
[16-Nov-2020 22:44:24 UTC] PHP Notice:  Undefined index: pageBanner in C:\MAMP\htdocs\fictional-university\wp-content\plugins\manual-image-crop\lib\ManualImageCropSettingsPage.php on line 180
[16-Nov-2020 22:44:24 UTC] PHP Notice:  Trying to access array offset on value of type null in C:\MAMP\htdocs\fictional-university\wp-content\plugins\manual-image-crop\lib\ManualImageCropSettingsPage.php on line 180
[16-Nov-2020 22:44:24 UTC] PHP Notice:  Undefined index: pageBanner in C:\MAMP\htdocs\fictional-university\wp-content\plugins\manual-image-crop\lib\ManualImageCropSettingsPage.php on line 181
[16-Nov-2020 22:44:24 UTC] PHP Notice:  Trying to access array offset on value of type null in C:\MAMP\htdocs\fictional-university\wp-content\plugins\manual-image-crop\lib\ManualImageCropSettingsPage.php on line 181
[16-Nov-2020 22:44:24 UTC] PHP Notice:  Undefined index: pageBanner in C:\MAMP\htdocs\fictional-university\wp-content\plugins\manual-image-crop\lib\ManualImageCropSettingsPage.php on line 183
[16-Nov-2020 22:44:24 UTC] PHP Notice:  Trying to access array offset on value of type null in C:\MAMP\htdocs\fictional-university\wp-content\plugins\manual-image-crop\lib\ManualImageCropSettingsPage.php on line 183
[16-Nov-2020 23:02:11 UTC] PHP Notice:  Undefined index: date in C:\MAMP\htdocs\fictional-university\wp-content\themes\fictional-university-theme\template-parts\content-event.php on line 3
[16-Nov-2020 23:02:11 UTC] PHP Fatal error:  Uncaught Error: Call to a member function format() on null in C:\MAMP\htdocs\fictional-university\wp-content\themes\fictional-university-theme\template-parts\content-event.php:3
Stack trace:
#0 C:\MAMP\htdocs\fictional-university\wp-includes\template.php(732): require()
#1 C:\MAMP\htdocs\fictional-university\wp-includes\template.php(676): load_template('C:\\MAMP\\htdocs\\...', false, Array)
#2 C:\MAMP\htdocs\fictional-university\wp-includes\general-template.php(204): locate_template(Array, true, false, Array)
#3 C:\MAMP\htdocs\fictional-university\wp-content\themes\fictional-university-theme\search.php(12): get_template_part('template-parts/...', 'event')
#4 C:\MAMP\htdocs\fictional-university\wp-includes\template-loader.php(106): include('C:\\MAMP\\htdocs\\...')
#5 C:\MAMP\htdocs\fictional-university\wp-blog-header.php(19): require_once('C:\\MAMP\\htdocs\\...')
#6 C:\MAMP\htdocs\fictional-university\index.php(17): require('C:\\MAMP\\htdocs\\...')
#7 {main}
  thrown in C:\MAMP\htdocs\fictional-university\wp-content\themes\fictional-university-theme\template-parts\content-event.php on line 3
[17-Nov-2020 15:10:23 UTC] PHP Fatal error:  Uncaught ArgumentCountError: Too few arguments to function add_action(), 1 passed in C:\MAMP\htdocs\fictional-university\wp-content\themes\fictional-university-theme\functions.php on line 144 and at least 2 expected in C:\MAMP\htdocs\fictional-university\wp-includes\plugin.php:403
Stack trace:
#0 C:\MAMP\htdocs\fictional-university\wp-content\themes\fictional-university-theme\functions.php(144): add_action('admin_init')
#1 C:\MAMP\htdocs\fictional-university\wp-settings.php(514): include('C:\\MAMP\\htdocs\\...')
#2 C:\MAMP\htdocs\fictional-university\wp-config.php(91): require_once('C:\\MAMP\\htdocs\\...')
#3 C:\MAMP\htdocs\fictional-university\wp-load.php(37): require_once('C:\\MAMP\\htdocs\\...')
#4 C:\MAMP\htdocs\fictional-university\wp-admin\admin-ajax.php(22): require_once('C:\\MAMP\\htdocs\\...')
#5 {main}
  thrown in C:\MAMP\htdocs\fictional-university\wp-includes\plugin.php on line 403
[17-Nov-2020 15:24:41 UTC] PHP Deprecated:  login_headertitle is <strong>deprecated</strong> since version 5.2.0! Use login_headertext instead. Usage of the title attribute on the login logo is not recommended for accessibility reasons. Use the link text instead. in C:\MAMP\htdocs\fictional-university\wp-includes\functions.php on line 5152
[24-Nov-2020 18:22:26 UTC] PHP Parse error:  syntax error, unexpected '{' in C:\MAMP\htdocs\fictional-university\wp-content\themes\fictional-university-theme\functions.php on line 184
[24-Nov-2020 18:22:26 UTC] PHP Notice:  Trying to access array offset on value of type bool in C:\MAMP\htdocs\fictional-university\wp-includes\class-wp-recovery-mode-email-service.php on line 340
[24-Nov-2020 18:22:26 UTC] PHP Notice:  Trying to access array offset on value of type bool in C:\MAMP\htdocs\fictional-university\wp-includes\class-wp-recovery-mode-email-service.php on line 341
[25-Nov-2020 16:16:15 UTC] PHP Parse error:  syntax error, unexpected 'function' (T_FUNCTION) in C:\MAMP\htdocs\fictional-university\wp-content\themes\fictional-university-theme\includes\like-route.php on line 5
[25-Nov-2020 16:18:16 UTC] PHP Parse error:  syntax error, unexpected 'function' (T_FUNCTION) in C:\MAMP\htdocs\fictional-university\wp-content\themes\fictional-university-theme\includes\like-route.php on line 5
[25-Nov-2020 16:20:17 UTC] PHP Parse error:  syntax error, unexpected 'function' (T_FUNCTION) in C:\MAMP\htdocs\fictional-university\wp-content\themes\fictional-university-theme\includes\like-route.php on line 5
[25-Nov-2020 16:36:09 UTC] PHP Parse error:  syntax error, unexpected 'function' (T_FUNCTION) in C:\MAMP\htdocs\fictional-university\wp-content\themes\fictional-university-theme\includes\like-route.php on line 5
[25-Nov-2020 16:36:10 UTC] PHP Parse error:  syntax error, unexpected 'function' (T_FUNCTION) in C:\MAMP\htdocs\fictional-university\wp-content\themes\fictional-university-theme\includes\like-route.php on line 5
[25-Nov-2020 16:36:28 UTC] PHP Parse error:  syntax error, unexpected 'function' (T_FUNCTION) in C:\MAMP\htdocs\fictional-university\wp-content\themes\fictional-university-theme\includes\like-route.php on line 5
[25-Nov-2020 16:36:29 UTC] PHP Parse error:  syntax error, unexpected 'function' (T_FUNCTION) in C:\MAMP\htdocs\fictional-university\wp-content\themes\fictional-university-theme\includes\like-route.php on line 5
[25-Nov-2020 16:45:46 UTC] PHP Parse error:  syntax error, unexpected ''meta_input'' (T_CONSTANT_ENCAPSED_STRING), expecting ']' in C:\MAMP\htdocs\fictional-university\wp-content\themes\fictional-university-theme\includes\like-route.php on line 22
[25-Nov-2020 16:45:59 UTC] PHP Parse error:  syntax error, unexpected ''meta_input'' (T_CONSTANT_ENCAPSED_STRING), expecting ']' in C:\MAMP\htdocs\fictional-university\wp-content\themes\fictional-university-theme\includes\like-route.php on line 22
[25-Nov-2020 16:46:01 UTC] PHP Parse error:  syntax error, unexpected ''meta_input'' (T_CONSTANT_ENCAPSED_STRING), expecting ']' in C:\MAMP\htdocs\fictional-university\wp-content\themes\fictional-university-theme\includes\like-route.php on line 22
[25-Nov-2020 16:46:01 UTC] PHP Parse error:  syntax error, unexpected ''meta_input'' (T_CONSTANT_ENCAPSED_STRING), expecting ']' in C:\MAMP\htdocs\fictional-university\wp-content\themes\fictional-university-theme\includes\like-route.php on line 22
[25-Nov-2020 17:32:43 UTC] PHP Parse error:  syntax error, unexpected 'die' (T_EXIT) in C:\MAMP\htdocs\fictional-university\wp-content\themes\fictional-university-theme\includes\like-route.php on line 29
[25-Nov-2020 17:34:43 UTC] PHP Parse error:  syntax error, unexpected 'die' (T_EXIT) in C:\MAMP\htdocs\fictional-university\wp-content\themes\fictional-university-theme\includes\like-route.php on line 29
[25-Nov-2020 17:36:44 UTC] PHP Parse error:  syntax error, unexpected 'die' (T_EXIT) in C:\MAMP\htdocs\fictional-university\wp-content\themes\fictional-university-theme\includes\like-route.php on line 29
[25-Nov-2020 17:49:11 UTC] PHP Notice:  register_rest_route was called <strong>incorrectly</strong>. The REST API route definition for <code>university/v1/manage-like</code> is missing the required <code>permission_callback</code> argument. For REST API routes that are intended to be public, use <code>__return_true</code> as the permission callback. Please see <a href="https://wordpress.org/support/article/debugging-in-wordpress/">Debugging in WordPress</a> for more information. (This message was added in version 5.5.0.) in C:\MAMP\htdocs\fictional-university\wp-includes\functions.php on line 5229
[25-Nov-2020 17:49:11 UTC] PHP Notice:  register_rest_route was called <strong>incorrectly</strong>. The REST API route definition for <code>university/v1/manage-like</code> is missing the required <code>permission_callback</code> argument. For REST API routes that are intended to be public, use <code>__return_true</code> as the permission callback. Please see <a href="https://wordpress.org/support/article/debugging-in-wordpress/">Debugging in WordPress</a> for more information. (This message was added in version 5.5.0.) in C:\MAMP\htdocs\fictional-university\wp-includes\functions.php on line 5229
[25-Nov-2020 17:51:56 UTC] PHP Notice:  register_rest_route was called <strong>incorrectly</strong>. The REST API route definition for <code>university/v1/manage-like</code> is missing the required <code>permission_callback</code> argument. For REST API routes that are intended to be public, use <code>__return_true</code> as the permission callback. Please see <a href="https://wordpress.org/support/article/debugging-in-wordpress/">Debugging in WordPress</a> for more information. (This message was added in version 5.5.0.) in C:\MAMP\htdocs\fictional-university\wp-includes\functions.php on line 5229
[25-Nov-2020 17:51:56 UTC] PHP Notice:  register_rest_route was called <strong>incorrectly</strong>. The REST API route definition for <code>university/v1/manage-like</code> is missing the required <code>permission_callback</code> argument. For REST API routes that are intended to be public, use <code>__return_true</code> as the permission callback. Please see <a href="https://wordpress.org/support/article/debugging-in-wordpress/">Debugging in WordPress</a> for more information. (This message was added in version 5.5.0.) in C:\MAMP\htdocs\fictional-university\wp-includes\functions.php on line 5229
[25-Nov-2020 17:52:49 UTC] PHP Notice:  register_rest_route was called <strong>incorrectly</strong>. The REST API route definition for <code>university/v1/manage-like</code> is missing the required <code>permission_callback</code> argument. For REST API routes that are intended to be public, use <code>__return_true</code> as the permission callback. Please see <a href="https://wordpress.org/support/article/debugging-in-wordpress/">Debugging in WordPress</a> for more information. (This message was added in version 5.5.0.) in C:\MAMP\htdocs\fictional-university\wp-includes\functions.php on line 5229
[25-Nov-2020 17:52:49 UTC] PHP Notice:  register_rest_route was called <strong>incorrectly</strong>. The REST API route definition for <code>university/v1/manage-like</code> is missing the required <code>permission_callback</code> argument. For REST API routes that are intended to be public, use <code>__return_true</code> as the permission callback. Please see <a href="https://wordpress.org/support/article/debugging-in-wordpress/">Debugging in WordPress</a> for more information. (This message was added in version 5.5.0.) in C:\MAMP\htdocs\fictional-university\wp-includes\functions.php on line 5229
[25-Nov-2020 19:53:10 UTC] PHP Notice:  register_rest_route was called <strong>incorrectly</strong>. The REST API route definition for <code>university/v1/manage-like</code> is missing the required <code>permission_callback</code> argument. For REST API routes that are intended to be public, use <code>__return_true</code> as the permission callback. Please see <a href="https://wordpress.org/support/article/debugging-in-wordpress/">Debugging in WordPress</a> for more information. (This message was added in version 5.5.0.) in C:\MAMP\htdocs\fictional-university\wp-includes\functions.php on line 5229
[25-Nov-2020 19:53:10 UTC] PHP Notice:  register_rest_route was called <strong>incorrectly</strong>. The REST API route definition for <code>university/v1/manage-like</code> is missing the required <code>permission_callback</code> argument. For REST API routes that are intended to be public, use <code>__return_true</code> as the permission callback. Please see <a href="https://wordpress.org/support/article/debugging-in-wordpress/">Debugging in WordPress</a> for more information. (This message was added in version 5.5.0.) in C:\MAMP\htdocs\fictional-university\wp-includes\functions.php on line 5229
[25-Nov-2020 19:53:17 UTC] PHP Notice:  register_rest_route was called <strong>incorrectly</strong>. The REST API route definition for <code>university/v1/manage-like</code> is missing the required <code>permission_callback</code> argument. For REST API routes that are intended to be public, use <code>__return_true</code> as the permission callback. Please see <a href="https://wordpress.org/support/article/debugging-in-wordpress/">Debugging in WordPress</a> for more information. (This message was added in version 5.5.0.) in C:\MAMP\htdocs\fictional-university\wp-includes\functions.php on line 5229
[25-Nov-2020 19:53:17 UTC] PHP Notice:  register_rest_route was called <strong>incorrectly</strong>. The REST API route definition for <code>university/v1/manage-like</code> is missing the required <code>permission_callback</code> argument. For REST API routes that are intended to be public, use <code>__return_true</code> as the permission callback. Please see <a href="https://wordpress.org/support/article/debugging-in-wordpress/">Debugging in WordPress</a> for more information. (This message was added in version 5.5.0.) in C:\MAMP\htdocs\fictional-university\wp-includes\functions.php on line 5229
[25-Nov-2020 20:00:30 UTC] PHP Notice:  Undefined variable: likes in C:\MAMP\htdocs\fictional-university\wp-content\themes\fictional-university-theme\single-professor.php on line 32
[25-Nov-2020 20:00:30 UTC] PHP Notice:  Trying to get property 'found_posts' of non-object in C:\MAMP\htdocs\fictional-university\wp-content\themes\fictional-university-theme\single-professor.php on line 32
[25-Nov-2020 20:01:16 UTC] PHP Warning:  in_array() expects parameter 2 to be array, null given in C:\MAMP\htdocs\fictional-university\wp-content\themes\fictional-university-theme\single-professor.php on line 29
[25-Nov-2020 20:01:16 UTC] PHP Warning:  count(): Parameter must be an array or an object that implements Countable in C:\MAMP\htdocs\fictional-university\wp-content\themes\fictional-university-theme\single-professor.php on line 32
[25-Nov-2020 20:01:38 UTC] PHP Warning:  in_array() expects parameter 2 to be array, null given in C:\MAMP\htdocs\fictional-university\wp-content\themes\fictional-university-theme\single-professor.php on line 29
[25-Nov-2020 20:01:38 UTC] PHP Warning:  count(): Parameter must be an array or an object that implements Countable in C:\MAMP\htdocs\fictional-university\wp-content\themes\fictional-university-theme\single-professor.php on line 32
[25-Nov-2020 20:02:10 UTC] PHP Warning:  in_array() expects parameter 2 to be array, null given in C:\MAMP\htdocs\fictional-university\wp-content\themes\fictional-university-theme\single-professor.php on line 29
[25-Nov-2020 20:02:10 UTC] PHP Warning:  count(): Parameter must be an array or an object that implements Countable in C:\MAMP\htdocs\fictional-university\wp-content\themes\fictional-university-theme\single-professor.php on line 32
[25-Nov-2020 20:03:12 UTC] PHP Warning:  in_array() expects parameter 2 to be array, null given in C:\MAMP\htdocs\fictional-university\wp-content\themes\fictional-university-theme\single-professor.php on line 30
[25-Nov-2020 20:03:12 UTC] PHP Warning:  count(): Parameter must be an array or an object that implements Countable in C:\MAMP\htdocs\fictional-university\wp-content\themes\fictional-university-theme\single-professor.php on line 33
[25-Nov-2020 20:03:53 UTC] PHP Warning:  in_array() expects parameter 2 to be array, null given in C:\MAMP\htdocs\fictional-university\wp-content\themes\fictional-university-theme\single-professor.php on line 30
[25-Nov-2020 20:04:13 UTC] PHP Warning:  in_array() expects parameter 2 to be array, null given in C:\MAMP\htdocs\fictional-university\wp-content\themes\fictional-university-theme\single-professor.php on line 28
[25-Nov-2020 20:18:53 UTC] PHP Parse error:  syntax error, unexpected 'if' (T_IF) in C:\MAMP\htdocs\fictional-university\wp-content\themes\fictional-university-theme\includes\like-route.php on line 32
[25-Nov-2020 20:18:53 UTC] PHP Notice:  Trying to access array offset on value of type bool in C:\MAMP\htdocs\fictional-university\wp-includes\class-wp-recovery-mode-email-service.php on line 340
[25-Nov-2020 20:18:53 UTC] PHP Notice:  Trying to access array offset on value of type bool in C:\MAMP\htdocs\fictional-university\wp-includes\class-wp-recovery-mode-email-service.php on line 341
[25-Nov-2020 20:24:37 UTC] PHP Warning:  in_array() expects parameter 2 to be array, null given in C:\MAMP\htdocs\fictional-university\wp-content\themes\fictional-university-theme\single-professor.php on line 29
[25-Nov-2020 20:24:44 UTC] PHP Warning:  in_array() expects parameter 2 to be array, null given in C:\MAMP\htdocs\fictional-university\wp-content\themes\fictional-university-theme\includes\like-route.php on line 26
[25-Nov-2020 20:29:50 UTC] PHP Warning:  in_array() expects parameter 2 to be array, null given in C:\MAMP\htdocs\fictional-university\wp-content\themes\fictional-university-theme\single-professor.php on line 29
[25-Nov-2020 20:30:02 UTC] PHP Warning:  in_array() expects parameter 2 to be array, null given in C:\MAMP\htdocs\fictional-university\wp-content\themes\fictional-university-theme\includes\like-route.php on line 26
[25-Nov-2020 21:04:35 UTC] PHP Parse error:  syntax error, unexpected '$likes' (T_VARIABLE) in C:\MAMP\htdocs\fictional-university\wp-content\themes\fictional-university-theme\includes\like-route.php on line 26
[25-Nov-2020 21:05:36 UTC] PHP Parse error:  syntax error, unexpected '$likes' (T_VARIABLE) in C:\MAMP\htdocs\fictional-university\wp-content\themes\fictional-university-theme\includes\like-route.php on line 26
[25-Nov-2020 21:07:37 UTC] PHP Parse error:  syntax error, unexpected '$likes' (T_VARIABLE) in C:\MAMP\htdocs\fictional-university\wp-content\themes\fictional-university-theme\includes\like-route.php on line 27
[25-Nov-2020 21:09:37 UTC] PHP Parse error:  syntax error, unexpected '$likes' (T_VARIABLE) in C:\MAMP\htdocs\fictional-university\wp-content\themes\fictional-university-theme\includes\like-route.php on line 27
[01-Dec-2020 02:42:57 UTC] PHP Notice:  ob_end_flush(): failed to send buffer of zlib output compression (1) in C:\MAMP\htdocs\fictional-university\wp-includes\functions.php on line 4673
[01-Dec-2020 02:42:57 UTC] PHP Notice:  ob_end_flush(): failed to send buffer of zlib output compression (1) in C:\MAMP\htdocs\fictional-university\wp-includes\functions.php on line 4673
[01-Dec-2020 02:43:13 UTC] PHP Notice:  ob_end_flush(): failed to send buffer of zlib output compression (1) in C:\MAMP\htdocs\fictional-university\wp-includes\functions.php on line 4673
[01-Dec-2020 02:43:13 UTC] PHP Notice:  ob_end_flush(): failed to send buffer of zlib output compression (1) in C:\MAMP\htdocs\fictional-university\wp-includes\functions.php on line 4673
[01-Dec-2020 02:43:22 UTC] PHP Notice:  ob_end_flush(): failed to send buffer of zlib output compression (1) in C:\MAMP\htdocs\fictional-university\wp-includes\functions.php on line 4673
[01-Dec-2020 02:43:22 UTC] PHP Notice:  ob_end_flush(): failed to send buffer of zlib output compression (1) in C:\MAMP\htdocs\fictional-university\wp-includes\functions.php on line 4673
[01-Dec-2020 02:43:27 UTC] PHP Notice:  ob_end_flush(): failed to send buffer of zlib output compression (1) in C:\MAMP\htdocs\fictional-university\wp-includes\functions.php on line 4673
[01-Dec-2020 02:43:27 UTC] PHP Notice:  ob_end_flush(): failed to send buffer of zlib output compression (1) in C:\MAMP\htdocs\fictional-university\wp-includes\functions.php on line 4673
[01-Dec-2020 02:43:33 UTC] PHP Notice:  ob_end_flush(): failed to send buffer of zlib output compression (1) in C:\MAMP\htdocs\fictional-university\wp-includes\functions.php on line 4673
[01-Dec-2020 02:43:33 UTC] PHP Notice:  ob_end_flush(): failed to send buffer of zlib output compression (1) in C:\MAMP\htdocs\fictional-university\wp-includes\functions.php on line 4673
[01-Dec-2020 02:43:44 UTC] PHP Notice:  ob_end_flush(): failed to send buffer of zlib output compression (1) in C:\MAMP\htdocs\fictional-university\wp-includes\functions.php on line 4673
[01-Dec-2020 02:43:44 UTC] PHP Notice:  ob_end_flush(): failed to send buffer of zlib output compression (1) in C:\MAMP\htdocs\fictional-university\wp-includes\functions.php on line 4673
